{"total": {"lines":{"total":65,"covered":23,"skipped":0,"pct":35.38},"statements":{"total":65,"covered":23,"skipped":0,"pct":35.38},"functions":{"total":6,"covered":1,"skipped":0,"pct":16.66},"branches":{"total":25,"covered":10,"skipped":0,"pct":40},"branchesTrue":{"total":0,"covered":0,"skipped":0,"pct":"Unknown"}}
,"C:\\Users\\darry\\Documents\\DVOPS_Projects\\devops-project\\utils\\applyjob.js": {"lines":{"total":14,"covered":2,"skipped":0,"pct":14.28},"functions":{"total":1,"covered":0,"skipped":0,"pct":0},"statements":{"total":14,"covered":2,"skipped":0,"pct":14.28},"branches":{"total":6,"covered":0,"skipped":0,"pct":0}}
,"C:\\Users\\darry\\Documents\\DVOPS_Projects\\devops-project\\utils\\create-job.js": {"lines":{"total":11,"covered":2,"skipped":0,"pct":18.18},"functions":{"total":1,"covered":0,"skipped":0,"pct":0},"statements":{"total":11,"covered":2,"skipped":0,"pct":18.18},"branches":{"total":5,"covered":0,"skipped":0,"pct":0}}
,"C:\\Users\\darry\\Documents\\DVOPS_Projects\\devops-project\\utils\\search-job.js": {"lines":{"total":15,"covered":15,"skipped":0,"pct":100},"functions":{"total":1,"covered":1,"skipped":0,"pct":100},"statements":{"total":15,"covered":15,"skipped":0,"pct":100},"branches":{"total":10,"covered":10,"skipped":0,"pct":100}}
,"C:\\Users\\darry\\Documents\\DVOPS_Projects\\devops-project\\utils\\update-job.js": {"lines":{"total":18,"covered":2,"skipped":0,"pct":11.11},"functions":{"total":2,"covered":0,"skipped":0,"pct":0},"statements":{"total":18,"covered":2,"skipped":0,"pct":11.11},"branches":{"total":4,"covered":0,"skipped":0,"pct":0}}
,"C:\\Users\\darry\\Documents\\DVOPS_Projects\\devops-project\\utils\\view-job.js": {"lines":{"total":7,"covered":2,"skipped":0,"pct":28.57},"functions":{"total":1,"covered":0,"skipped":0,"pct":0},"statements":{"total":7,"covered":2,"skipped":0,"pct":28.57},"branches":{"total":0,"covered":0,"skipped":0,"pct":100}}
}
