{"C:\\Users\\darry\\Documents\\DVOPS_Projects\\devops-project\\public\\js\\applyJob.js": {"path":"C:\\Users\\darry\\Documents\\DVOPS_Projects\\devops-project\\public\\js\\applyJob.js","statementMap":{"0":{"start":{"line":2,"column":4},"end":{"line":2,"column":38}},"1":{"start":{"line":3,"column":4},"end":{"line":3,"column":80}},"2":{"start":{"line":7,"column":18},"end":{"line":7,"column":86}},"3":{"start":{"line":8,"column":17},"end":{"line":8,"column":70}},"4":{"start":{"line":9,"column":16},"end":{"line":9,"column":61}},"5":{"start":{"line":10,"column":22},"end":{"line":10,"column":80}},"6":{"start":{"line":11,"column":18},"end":{"line":11,"column":72}},"7":{"start":{"line":12,"column":18},"end":{"line":12,"column":72}},"8":{"start":{"line":14,"column":4},"end":{"line":17,"column":5}},"9":{"start":{"line":15,"column":8},"end":{"line":15,"column":44}},"10":{"start":{"line":16,"column":8},"end":{"line":16,"column":15}},"11":{"start":{"line":19,"column":28},"end":{"line":19,"column":66}},"12":{"start":{"line":21,"column":4},"end":{"line":38,"column":5}},"13":{"start":{"line":22,"column":25},"end":{"line":26,"column":10}},"14":{"start":{"line":28,"column":23},"end":{"line":28,"column":44}},"15":{"start":{"line":29,"column":8},"end":{"line":34,"column":9}},"16":{"start":{"line":30,"column":12},"end":{"line":30,"column":57}},"17":{"start":{"line":31,"column":12},"end":{"line":31,"column":46}},"18":{"start":{"line":33,"column":12},"end":{"line":33,"column":69}},"19":{"start":{"line":36,"column":8},"end":{"line":36,"column":62}},"20":{"start":{"line":37,"column":8},"end":{"line":37,"column":69}},"21":{"start":{"line":40,"column":0},"end":{"line":40,"column":25}}},"fnMap":{"0":{"name":"applyJob","decl":{"start":{"line":1,"column":9},"end":{"line":1,"column":17}},"loc":{"start":{"line":1,"column":25},"end":{"line":4,"column":1}},"line":1},"1":{"name":"submitApplication","decl":{"start":{"line":6,"column":15},"end":{"line":6,"column":32}},"loc":{"start":{"line":6,"column":35},"end":{"line":39,"column":1}},"line":6}},"branchMap":{"0":{"loc":{"start":{"line":14,"column":4},"end":{"line":17,"column":5}},"type":"if","locations":[{"start":{"line":14,"column":4},"end":{"line":17,"column":5}},{"start":{},"end":{}}],"line":14},"1":{"loc":{"start":{"line":14,"column":8},"end":{"line":14,"column":55}},"type":"binary-expr","locations":[{"start":{"line":14,"column":8},"end":{"line":14,"column":13}},{"start":{"line":14,"column":17},"end":{"line":14,"column":21}},{"start":{"line":14,"column":25},"end":{"line":14,"column":35}},{"start":{"line":14,"column":39},"end":{"line":14,"column":45}},{"start":{"line":14,"column":49},"end":{"line":14,"column":55}}],"line":14},"2":{"loc":{"start":{"line":29,"column":8},"end":{"line":34,"column":9}},"type":"if","locations":[{"start":{"line":29,"column":8},"end":{"line":34,"column":9}},{"start":{"line":32,"column":15},"end":{"line":34,"column":9}}],"line":29}},"s":{"0":0,"1":0,"2":0,"3":0,"4":0,"5":0,"6":0,"7":0,"8":0,"9":0,"10":0,"11":0,"12":0,"13":0,"14":0,"15":0,"16":0,"17":0,"18":0,"19":0,"20":0,"21":12},"f":{"0":0,"1":0},"b":{"0":[0,0],"1":[0,0,0,0,0],"2":[0,0]},"_coverageSchema":"1a1c01bbd47fc00a2c39e90264f33305004495a9","hash":"319517f1b0e597a0e224bd2bad8c99ae96bdb12e"}
,"C:\\Users\\darry\\Documents\\DVOPS_Projects\\devops-project\\public\\js\\createJob.js": {"path":"C:\\Users\\darry\\Documents\\DVOPS_Projects\\devops-project\\public\\js\\createJob.js","statementMap":{"0":{"start":{"line":2,"column":17},"end":{"line":2,"column":60}},"1":{"start":{"line":3,"column":21},"end":{"line":3,"column":65}},"2":{"start":{"line":4,"column":24},"end":{"line":4,"column":71}},"3":{"start":{"line":5,"column":19},"end":{"line":5,"column":61}},"4":{"start":{"line":6,"column":25},"end":{"line":6,"column":73}},"5":{"start":{"line":7,"column":24},"end":{"line":7,"column":71}},"6":{"start":{"line":9,"column":20},"end":{"line":9,"column":86}},"7":{"start":{"line":11,"column":4},"end":{"line":28,"column":5}},"8":{"start":{"line":12,"column":25},"end":{"line":16,"column":10}},"9":{"start":{"line":17,"column":23},"end":{"line":17,"column":44}},"10":{"start":{"line":18,"column":8},"end":{"line":24,"column":9}},"11":{"start":{"line":19,"column":12},"end":{"line":19,"column":45}},"12":{"start":{"line":20,"column":12},"end":{"line":20,"column":23}},"13":{"start":{"line":21,"column":12},"end":{"line":21,"column":33}},"14":{"start":{"line":23,"column":12},"end":{"line":23,"column":58}},"15":{"start":{"line":26,"column":8},"end":{"line":26,"column":50}},"16":{"start":{"line":27,"column":8},"end":{"line":27,"column":57}},"17":{"start":{"line":32,"column":4},"end":{"line":32,"column":53}},"18":{"start":{"line":33,"column":4},"end":{"line":33,"column":54}},"19":{"start":{"line":34,"column":4},"end":{"line":34,"column":57}},"20":{"start":{"line":35,"column":4},"end":{"line":35,"column":52}},"21":{"start":{"line":36,"column":4},"end":{"line":36,"column":58}},"22":{"start":{"line":37,"column":4},"end":{"line":37,"column":57}},"23":{"start":{"line":38,"column":4},"end":{"line":38,"column":38}},"24":{"start":{"line":40,"column":0},"end":{"line":40,"column":25}}},"fnMap":{"0":{"name":"addJob","decl":{"start":{"line":1,"column":15},"end":{"line":1,"column":21}},"loc":{"start":{"line":1,"column":24},"end":{"line":29,"column":1}},"line":1},"1":{"name":"clearAndCloseModal","decl":{"start":{"line":31,"column":9},"end":{"line":31,"column":27}},"loc":{"start":{"line":31,"column":30},"end":{"line":39,"column":1}},"line":31}},"branchMap":{"0":{"loc":{"start":{"line":18,"column":8},"end":{"line":24,"column":9}},"type":"if","locations":[{"start":{"line":18,"column":8},"end":{"line":24,"column":9}},{"start":{"line":22,"column":15},"end":{"line":24,"column":9}}],"line":18}},"s":{"0":0,"1":0,"2":0,"3":0,"4":0,"5":0,"6":0,"7":0,"8":0,"9":0,"10":0,"11":0,"12":0,"13":0,"14":0,"15":0,"16":0,"17":0,"18":0,"19":0,"20":0,"21":0,"22":0,"23":0,"24":12},"f":{"0":0,"1":0},"b":{"0":[0,0]},"_coverageSchema":"1a1c01bbd47fc00a2c39e90264f33305004495a9","hash":"40e9f42556fad18b568605536c13d878636497d5"}
,"C:\\Users\\darry\\Documents\\DVOPS_Projects\\devops-project\\public\\js\\searchJob.js": {"path":"C:\\Users\\darry\\Documents\\DVOPS_Projects\\devops-project\\public\\js\\searchJob.js","statementMap":{"0":{"start":{"line":1,"column":18},"end":{"line":1,"column":19}},"1":{"start":{"line":2,"column":17},"end":{"line":2,"column":19}},"2":{"start":{"line":5,"column":16},"end":{"line":5,"column":59}},"3":{"start":{"line":6,"column":4},"end":{"line":6,"column":53}},"4":{"start":{"line":10,"column":20},"end":{"line":10,"column":67}},"5":{"start":{"line":11,"column":21},"end":{"line":11,"column":69}},"6":{"start":{"line":13,"column":4},"end":{"line":17,"column":5}},"7":{"start":{"line":14,"column":8},"end":{"line":14,"column":53}},"8":{"start":{"line":15,"column":8},"end":{"line":15,"column":24}},"9":{"start":{"line":16,"column":8},"end":{"line":16,"column":15}},"10":{"start":{"line":19,"column":18},"end":{"line":19,"column":71}},"11":{"start":{"line":20,"column":16},"end":{"line":20,"column":39}},"12":{"start":{"line":21,"column":4},"end":{"line":21,"column":34}},"13":{"start":{"line":25,"column":4},"end":{"line":32,"column":5}},"14":{"start":{"line":26,"column":25},"end":{"line":26,"column":41}},"15":{"start":{"line":27,"column":21},"end":{"line":27,"column":71}},"16":{"start":{"line":28,"column":8},"end":{"line":28,"column":45}},"17":{"start":{"line":30,"column":8},"end":{"line":30,"column":45}},"18":{"start":{"line":31,"column":8},"end":{"line":31,"column":21}},"19":{"start":{"line":36,"column":24},"end":{"line":36,"column":63}},"20":{"start":{"line":37,"column":4},"end":{"line":41,"column":5}},"21":{"start":{"line":38,"column":8},"end":{"line":38,"column":64}},"22":{"start":{"line":39,"column":8},"end":{"line":39,"column":39}},"23":{"start":{"line":40,"column":8},"end":{"line":40,"column":15}},"24":{"start":{"line":44,"column":4},"end":{"line":61,"column":18}},"25":{"start":{"line":45,"column":20},"end":{"line":60,"column":9}},"26":{"start":{"line":63,"column":4},"end":{"line":63,"column":54}},"27":{"start":{"line":67,"column":31},"end":{"line":67,"column":77}},"28":{"start":{"line":68,"column":4},"end":{"line":71,"column":5}},"29":{"start":{"line":69,"column":8},"end":{"line":69,"column":42}},"30":{"start":{"line":70,"column":8},"end":{"line":70,"column":15}},"31":{"start":{"line":73,"column":4},"end":{"line":77,"column":6}},"32":{"start":{"line":80,"column":0},"end":{"line":83,"column":2}},"33":{"start":{"line":81,"column":4},"end":{"line":81,"column":26}},"34":{"start":{"line":82,"column":4},"end":{"line":82,"column":66}}},"fnMap":{"0":{"name":"loadJobs","decl":{"start":{"line":4,"column":15},"end":{"line":4,"column":23}},"loc":{"start":{"line":4,"column":34},"end":{"line":7,"column":1}},"line":4},"1":{"name":"searchJobs","decl":{"start":{"line":9,"column":15},"end":{"line":9,"column":25}},"loc":{"start":{"line":9,"column":28},"end":{"line":22,"column":1}},"line":9},"2":{"name":"handleFetch","decl":{"start":{"line":24,"column":15},"end":{"line":24,"column":26}},"loc":{"start":{"line":24,"column":71},"end":{"line":33,"column":1}},"line":24},"3":{"name":"displayJobs","decl":{"start":{"line":35,"column":9},"end":{"line":35,"column":20}},"loc":{"start":{"line":35,"column":43},"end":{"line":64,"column":1}},"line":35},"4":{"name":"(anonymous_4)","decl":{"start":{"line":45,"column":13},"end":{"line":45,"column":14}},"loc":{"start":{"line":45,"column":20},"end":{"line":60,"column":9}},"line":45},"5":{"name":"updatePaginationControls","decl":{"start":{"line":66,"column":9},"end":{"line":66,"column":33}},"loc":{"start":{"line":66,"column":52},"end":{"line":78,"column":1}},"line":66},"6":{"name":"(anonymous_6)","decl":{"start":{"line":80,"column":16},"end":{"line":80,"column":17}},"loc":{"start":{"line":80,"column":22},"end":{"line":83,"column":1}},"line":80}},"branchMap":{"0":{"loc":{"start":{"line":4,"column":24},"end":{"line":4,"column":32}},"type":"default-arg","locations":[{"start":{"line":4,"column":31},"end":{"line":4,"column":32}}],"line":4},"1":{"loc":{"start":{"line":13,"column":4},"end":{"line":17,"column":5}},"type":"if","locations":[{"start":{"line":13,"column":4},"end":{"line":17,"column":5}},{"start":{},"end":{}}],"line":13},"2":{"loc":{"start":{"line":13,"column":8},"end":{"line":13,"column":29}},"type":"binary-expr","locations":[{"start":{"line":13,"column":8},"end":{"line":13,"column":16}},{"start":{"line":13,"column":20},"end":{"line":13,"column":29}}],"line":13},"3":{"loc":{"start":{"line":24,"column":42},"end":{"line":24,"column":69}},"type":"default-arg","locations":[{"start":{"line":24,"column":57},"end":{"line":24,"column":69}}],"line":24},"4":{"loc":{"start":{"line":27,"column":21},"end":{"line":27,"column":71}},"type":"cond-expr","locations":[{"start":{"line":27,"column":35},"end":{"line":27,"column":56}},{"start":{"line":27,"column":59},"end":{"line":27,"column":71}}],"line":27},"5":{"loc":{"start":{"line":35,"column":27},"end":{"line":35,"column":41}},"type":"default-arg","locations":[{"start":{"line":35,"column":40},"end":{"line":35,"column":41}}],"line":35},"6":{"loc":{"start":{"line":37,"column":4},"end":{"line":41,"column":5}},"type":"if","locations":[{"start":{"line":37,"column":4},"end":{"line":41,"column":5}},{"start":{},"end":{}}],"line":37},"7":{"loc":{"start":{"line":37,"column":8},"end":{"line":37,"column":34}},"type":"binary-expr","locations":[{"start":{"line":37,"column":8},"end":{"line":37,"column":13}},{"start":{"line":37,"column":17},"end":{"line":37,"column":34}}],"line":37},"8":{"loc":{"start":{"line":68,"column":4},"end":{"line":71,"column":5}},"type":"if","locations":[{"start":{"line":68,"column":4},"end":{"line":71,"column":5}},{"start":{},"end":{}}],"line":68},"9":{"loc":{"start":{"line":74,"column":18},"end":{"line":74,"column":46}},"type":"cond-expr","locations":[{"start":{"line":74,"column":31},"end":{"line":74,"column":41}},{"start":{"line":74,"column":44},"end":{"line":74,"column":46}}],"line":74},"10":{"loc":{"start":{"line":76,"column":18},"end":{"line":76,"column":55}},"type":"cond-expr","locations":[{"start":{"line":76,"column":40},"end":{"line":76,"column":50}},{"start":{"line":76,"column":53},"end":{"line":76,"column":55}}],"line":76}},"s":{"0":12,"1":12,"2":12,"3":12,"4":10,"5":10,"6":10,"7":1,"8":1,"9":1,"10":9,"11":9,"12":9,"13":21,"14":21,"15":20,"16":20,"17":1,"18":1,"19":22,"20":22,"21":7,"22":7,"23":7,"24":15,"25":118,"26":15,"27":22,"28":22,"29":11,"30":11,"31":11,"32":12,"33":0,"34":0},"f":{"0":12,"1":10,"2":21,"3":22,"4":118,"5":22,"6":0},"b":{"0":[0],"1":[1,9],"2":[10,2],"3":[9],"4":[19,1],"5":[4],"6":[7,15],"7":[22,21],"8":[11,11],"9":[11,0],"10":[0,11]},"_coverageSchema":"1a1c01bbd47fc00a2c39e90264f33305004495a9","hash":"99729c015ef0be5104c403a001d077704b6dea33"}
,"C:\\Users\\darry\\Documents\\DVOPS_Projects\\devops-project\\public\\js\\updateJob.js": {"path":"C:\\Users\\darry\\Documents\\DVOPS_Projects\\devops-project\\public\\js\\updateJob.js","statementMap":{"0":{"start":{"line":2,"column":4},"end":{"line":16,"column":5}},"1":{"start":{"line":3,"column":25},"end":{"line":3,"column":58}},"2":{"start":{"line":4,"column":20},"end":{"line":4,"column":41}},"3":{"start":{"line":6,"column":8},"end":{"line":6,"column":57}},"4":{"start":{"line":7,"column":8},"end":{"line":7,"column":60}},"5":{"start":{"line":8,"column":8},"end":{"line":8,"column":65}},"6":{"start":{"line":9,"column":8},"end":{"line":9,"column":71}},"7":{"start":{"line":10,"column":8},"end":{"line":10,"column":61}},"8":{"start":{"line":11,"column":8},"end":{"line":11,"column":73}},"9":{"start":{"line":12,"column":8},"end":{"line":12,"column":71}},"10":{"start":{"line":13,"column":8},"end":{"line":13,"column":74}},"11":{"start":{"line":15,"column":8},"end":{"line":15,"column":52}},"12":{"start":{"line":20,"column":4},"end":{"line":20,"column":69}},"13":{"start":{"line":24,"column":18},"end":{"line":24,"column":56}},"14":{"start":{"line":25,"column":20},"end":{"line":25,"column":67}},"15":{"start":{"line":26,"column":21},"end":{"line":26,"column":69}},"16":{"start":{"line":27,"column":24},"end":{"line":27,"column":75}},"17":{"start":{"line":28,"column":19},"end":{"line":28,"column":58}},"18":{"start":{"line":29,"column":25},"end":{"line":29,"column":77}},"19":{"start":{"line":30,"column":24},"end":{"line":30,"column":75}},"20":{"start":{"line":32,"column":4},"end":{"line":35,"column":5}},"21":{"start":{"line":33,"column":8},"end":{"line":33,"column":51}},"22":{"start":{"line":34,"column":8},"end":{"line":34,"column":15}},"23":{"start":{"line":37,"column":4},"end":{"line":40,"column":5}},"24":{"start":{"line":38,"column":8},"end":{"line":38,"column":45}},"25":{"start":{"line":39,"column":8},"end":{"line":39,"column":15}},"26":{"start":{"line":42,"column":20},"end":{"line":42,"column":95}},"27":{"start":{"line":44,"column":4},"end":{"line":60,"column":5}},"28":{"start":{"line":45,"column":25},"end":{"line":49,"column":10}},"29":{"start":{"line":51,"column":8},"end":{"line":57,"column":9}},"30":{"start":{"line":52,"column":12},"end":{"line":52,"column":47}},"31":{"start":{"line":53,"column":12},"end":{"line":53,"column":25}},"32":{"start":{"line":54,"column":12},"end":{"line":54,"column":23}},"33":{"start":{"line":56,"column":12},"end":{"line":56,"column":40}},"34":{"start":{"line":59,"column":8},"end":{"line":59,"column":52}},"35":{"start":{"line":63,"column":0},"end":{"line":68,"column":1}},"36":{"start":{"line":64,"column":18},"end":{"line":64,"column":59}},"37":{"start":{"line":65,"column":4},"end":{"line":67,"column":5}},"38":{"start":{"line":66,"column":8},"end":{"line":66,"column":21}},"39":{"start":{"line":69,"column":0},"end":{"line":69,"column":25}}},"fnMap":{"0":{"name":"updateJob","decl":{"start":{"line":1,"column":15},"end":{"line":1,"column":24}},"loc":{"start":{"line":1,"column":32},"end":{"line":17,"column":1}},"line":1},"1":{"name":"closeModal","decl":{"start":{"line":19,"column":9},"end":{"line":19,"column":19}},"loc":{"start":{"line":19,"column":22},"end":{"line":21,"column":1}},"line":19},"2":{"name":"submitJobUpdate","decl":{"start":{"line":23,"column":15},"end":{"line":23,"column":30}},"loc":{"start":{"line":23,"column":33},"end":{"line":61,"column":1}},"line":23},"3":{"name":"(anonymous_3)","decl":{"start":{"line":63,"column":17},"end":{"line":63,"column":18}},"loc":{"start":{"line":63,"column":34},"end":{"line":68,"column":1}},"line":63}},"branchMap":{"0":{"loc":{"start":{"line":32,"column":4},"end":{"line":35,"column":5}},"type":"if","locations":[{"start":{"line":32,"column":4},"end":{"line":35,"column":5}},{"start":{},"end":{}}],"line":32},"1":{"loc":{"start":{"line":32,"column":8},"end":{"line":32,"column":89}},"type":"binary-expr","locations":[{"start":{"line":32,"column":8},"end":{"line":32,"column":16}},{"start":{"line":32,"column":20},"end":{"line":32,"column":29}},{"start":{"line":32,"column":33},"end":{"line":32,"column":45}},{"start":{"line":32,"column":49},"end":{"line":32,"column":56}},{"start":{"line":32,"column":60},"end":{"line":32,"column":73}},{"start":{"line":32,"column":77},"end":{"line":32,"column":89}}],"line":32},"2":{"loc":{"start":{"line":37,"column":4},"end":{"line":40,"column":5}},"type":"if","locations":[{"start":{"line":37,"column":4},"end":{"line":40,"column":5}},{"start":{},"end":{}}],"line":37},"3":{"loc":{"start":{"line":37,"column":8},"end":{"line":37,"column":66}},"type":"binary-expr","locations":[{"start":{"line":37,"column":8},"end":{"line":37,"column":35}},{"start":{"line":37,"column":39},"end":{"line":37,"column":66}}],"line":37},"4":{"loc":{"start":{"line":51,"column":8},"end":{"line":57,"column":9}},"type":"if","locations":[{"start":{"line":51,"column":8},"end":{"line":57,"column":9}},{"start":{"line":55,"column":15},"end":{"line":57,"column":9}}],"line":51},"5":{"loc":{"start":{"line":65,"column":4},"end":{"line":67,"column":5}},"type":"if","locations":[{"start":{"line":65,"column":4},"end":{"line":67,"column":5}},{"start":{},"end":{}}],"line":65}},"s":{"0":0,"1":0,"2":0,"3":0,"4":0,"5":0,"6":0,"7":0,"8":0,"9":0,"10":0,"11":0,"12":0,"13":0,"14":0,"15":0,"16":0,"17":0,"18":0,"19":0,"20":0,"21":0,"22":0,"23":0,"24":0,"25":0,"26":0,"27":0,"28":0,"29":0,"30":0,"31":0,"32":0,"33":0,"34":0,"35":12,"36":21,"37":21,"38":0,"39":12},"f":{"0":0,"1":0,"2":0,"3":21},"b":{"0":[0,0],"1":[0,0,0,0,0,0],"2":[0,0],"3":[0,0],"4":[0,0],"5":[0,21]},"_coverageSchema":"1a1c01bbd47fc00a2c39e90264f33305004495a9","hash":"f47819357487339f3677850f6827be7b635987a0"}
}
