{"total": {"lines":{"total":119,"covered":36,"skipped":0,"pct":30.25},"statements":{"total":119,"covered":36,"skipped":0,"pct":30.25},"functions":{"total":12,"covered":5,"skipped":0,"pct":41.66},"branches":{"total":35,"covered":9,"skipped":0,"pct":25.71},"branchesTrue":{"total":0,"covered":0,"skipped":0,"pct":"Unknown"}}
,"C:\\Users\\darry\\Documents\\DVOPS_Projects\\devops-project\\public\\js\\applyJob.js": {"lines":{"total":22,"covered":1,"skipped":0,"pct":4.54},"functions":{"total":2,"covered":0,"skipped":0,"pct":0},"statements":{"total":22,"covered":1,"skipped":0,"pct":4.54},"branches":{"total":9,"covered":0,"skipped":0,"pct":0}}
,"C:\\Users\\darry\\Documents\\DVOPS_Projects\\devops-project\\public\\js\\createJob.js": {"lines":{"total":25,"covered":1,"skipped":0,"pct":4},"functions":{"total":2,"covered":0,"skipped":0,"pct":0},"statements":{"total":25,"covered":1,"skipped":0,"pct":4},"branches":{"total":2,"covered":0,"skipped":0,"pct":0}}
,"C:\\Users\\darry\\Documents\\DVOPS_Projects\\devops-project\\public\\js\\searchJob.js": {"lines":{"total":32,"covered":30,"skipped":0,"pct":93.75},"functions":{"total":4,"covered":4,"skipped":0,"pct":100},"statements":{"total":32,"covered":30,"skipped":0,"pct":93.75},"branches":{"total":8,"covered":8,"skipped":0,"pct":100}}
,"C:\\Users\\darry\\Documents\\DVOPS_Projects\\devops-project\\public\\js\\updateJob.js": {"lines":{"total":40,"covered":4,"skipped":0,"pct":10},"functions":{"total":4,"covered":1,"skipped":0,"pct":25},"statements":{"total":40,"covered":4,"skipped":0,"pct":10},"branches":{"total":16,"covered":1,"skipped":0,"pct":6.25}}
}
