{"C:\\Users\\darry\\Documents\\DVOPS_Projects\\devops-project\\public\\js\\applyJob.js": {"path":"C:\\Users\\darry\\Documents\\DVOPS_Projects\\devops-project\\public\\js\\applyJob.js","statementMap":{"0":{"start":{"line":2,"column":4},"end":{"line":2,"column":38}},"1":{"start":{"line":3,"column":4},"end":{"line":3,"column":80}},"2":{"start":{"line":7,"column":18},"end":{"line":7,"column":86}},"3":{"start":{"line":8,"column":17},"end":{"line":8,"column":70}},"4":{"start":{"line":9,"column":16},"end":{"line":9,"column":61}},"5":{"start":{"line":10,"column":22},"end":{"line":10,"column":80}},"6":{"start":{"line":11,"column":18},"end":{"line":11,"column":72}},"7":{"start":{"line":12,"column":18},"end":{"line":12,"column":72}},"8":{"start":{"line":14,"column":4},"end":{"line":17,"column":5}},"9":{"start":{"line":15,"column":8},"end":{"line":15,"column":44}},"10":{"start":{"line":16,"column":8},"end":{"line":16,"column":15}},"11":{"start":{"line":19,"column":28},"end":{"line":19,"column":66}},"12":{"start":{"line":21,"column":4},"end":{"line":38,"column":5}},"13":{"start":{"line":22,"column":25},"end":{"line":26,"column":10}},"14":{"start":{"line":28,"column":23},"end":{"line":28,"column":44}},"15":{"start":{"line":29,"column":8},"end":{"line":34,"column":9}},"16":{"start":{"line":30,"column":12},"end":{"line":30,"column":57}},"17":{"start":{"line":31,"column":12},"end":{"line":31,"column":46}},"18":{"start":{"line":33,"column":12},"end":{"line":33,"column":69}},"19":{"start":{"line":36,"column":8},"end":{"line":36,"column":62}},"20":{"start":{"line":37,"column":8},"end":{"line":37,"column":69}},"21":{"start":{"line":40,"column":0},"end":{"line":40,"column":25}}},"fnMap":{"0":{"name":"applyJob","decl":{"start":{"line":1,"column":9},"end":{"line":1,"column":17}},"loc":{"start":{"line":1,"column":25},"end":{"line":4,"column":1}},"line":1},"1":{"name":"submitApplication","decl":{"start":{"line":6,"column":15},"end":{"line":6,"column":32}},"loc":{"start":{"line":6,"column":35},"end":{"line":39,"column":1}},"line":6}},"branchMap":{"0":{"loc":{"start":{"line":14,"column":4},"end":{"line":17,"column":5}},"type":"if","locations":[{"start":{"line":14,"column":4},"end":{"line":17,"column":5}},{"start":{},"end":{}}],"line":14},"1":{"loc":{"start":{"line":14,"column":8},"end":{"line":14,"column":55}},"type":"binary-expr","locations":[{"start":{"line":14,"column":8},"end":{"line":14,"column":13}},{"start":{"line":14,"column":17},"end":{"line":14,"column":21}},{"start":{"line":14,"column":25},"end":{"line":14,"column":35}},{"start":{"line":14,"column":39},"end":{"line":14,"column":45}},{"start":{"line":14,"column":49},"end":{"line":14,"column":55}}],"line":14},"2":{"loc":{"start":{"line":29,"column":8},"end":{"line":34,"column":9}},"type":"if","locations":[{"start":{"line":29,"column":8},"end":{"line":34,"column":9}},{"start":{"line":32,"column":15},"end":{"line":34,"column":9}}],"line":29}},"s":{"0":0,"1":0,"2":0,"3":0,"4":0,"5":0,"6":0,"7":0,"8":0,"9":0,"10":0,"11":0,"12":0,"13":0,"14":0,"15":0,"16":0,"17":0,"18":0,"19":0,"20":0,"21":12},"f":{"0":0,"1":0},"b":{"0":[0,0],"1":[0,0,0,0,0],"2":[0,0]},"_coverageSchema":"1a1c01bbd47fc00a2c39e90264f33305004495a9","hash":"319517f1b0e597a0e224bd2bad8c99ae96bdb12e"}
,"C:\\Users\\darry\\Documents\\DVOPS_Projects\\devops-project\\public\\js\\createJob.js": {"path":"C:\\Users\\darry\\Documents\\DVOPS_Projects\\devops-project\\public\\js\\createJob.js","statementMap":{"0":{"start":{"line":2,"column":17},"end":{"line":2,"column":60}},"1":{"start":{"line":3,"column":21},"end":{"line":3,"column":65}},"2":{"start":{"line":4,"column":24},"end":{"line":4,"column":71}},"3":{"start":{"line":5,"column":19},"end":{"line":5,"column":61}},"4":{"start":{"line":6,"column":25},"end":{"line":6,"column":73}},"5":{"start":{"line":7,"column":24},"end":{"line":7,"column":71}},"6":{"start":{"line":9,"column":20},"end":{"line":9,"column":86}},"7":{"start":{"line":11,"column":4},"end":{"line":28,"column":5}},"8":{"start":{"line":12,"column":25},"end":{"line":16,"column":10}},"9":{"start":{"line":17,"column":23},"end":{"line":17,"column":44}},"10":{"start":{"line":18,"column":8},"end":{"line":24,"column":9}},"11":{"start":{"line":19,"column":12},"end":{"line":19,"column":45}},"12":{"start":{"line":20,"column":12},"end":{"line":20,"column":23}},"13":{"start":{"line":21,"column":12},"end":{"line":21,"column":33}},"14":{"start":{"line":23,"column":12},"end":{"line":23,"column":58}},"15":{"start":{"line":26,"column":8},"end":{"line":26,"column":50}},"16":{"start":{"line":27,"column":8},"end":{"line":27,"column":57}},"17":{"start":{"line":32,"column":4},"end":{"line":32,"column":53}},"18":{"start":{"line":33,"column":4},"end":{"line":33,"column":54}},"19":{"start":{"line":34,"column":4},"end":{"line":34,"column":57}},"20":{"start":{"line":35,"column":4},"end":{"line":35,"column":52}},"21":{"start":{"line":36,"column":4},"end":{"line":36,"column":58}},"22":{"start":{"line":37,"column":4},"end":{"line":37,"column":57}},"23":{"start":{"line":38,"column":4},"end":{"line":38,"column":38}},"24":{"start":{"line":40,"column":0},"end":{"line":40,"column":25}}},"fnMap":{"0":{"name":"addJob","decl":{"start":{"line":1,"column":15},"end":{"line":1,"column":21}},"loc":{"start":{"line":1,"column":24},"end":{"line":29,"column":1}},"line":1},"1":{"name":"clearAndCloseModal","decl":{"start":{"line":31,"column":9},"end":{"line":31,"column":27}},"loc":{"start":{"line":31,"column":30},"end":{"line":39,"column":1}},"line":31}},"branchMap":{"0":{"loc":{"start":{"line":18,"column":8},"end":{"line":24,"column":9}},"type":"if","locations":[{"start":{"line":18,"column":8},"end":{"line":24,"column":9}},{"start":{"line":22,"column":15},"end":{"line":24,"column":9}}],"line":18}},"s":{"0":0,"1":0,"2":0,"3":0,"4":0,"5":0,"6":0,"7":0,"8":0,"9":0,"10":0,"11":0,"12":0,"13":0,"14":0,"15":0,"16":0,"17":0,"18":0,"19":0,"20":0,"21":0,"22":0,"23":0,"24":12},"f":{"0":0,"1":0},"b":{"0":[0,0]},"_coverageSchema":"1a1c01bbd47fc00a2c39e90264f33305004495a9","hash":"40e9f42556fad18b568605536c13d878636497d5"}
,"C:\\Users\\darry\\Documents\\DVOPS_Projects\\devops-project\\public\\js\\searchJob.js": {"path":"C:\\Users\\darry\\Documents\\DVOPS_Projects\\devops-project\\public\\js\\searchJob.js","statementMap":{"0":{"start":{"line":1,"column":18},"end":{"line":1,"column":19}},"1":{"start":{"line":2,"column":17},"end":{"line":2,"column":19}},"2":{"start":{"line":5,"column":4},"end":{"line":23,"column":5}},"3":{"start":{"line":6,"column":25},"end":{"line":6,"column":81}},"4":{"start":{"line":7,"column":8},"end":{"line":19,"column":9}},"5":{"start":{"line":8,"column":25},"end":{"line":8,"column":46}},"6":{"start":{"line":9,"column":12},"end":{"line":15,"column":13}},"7":{"start":{"line":10,"column":16},"end":{"line":10,"column":39}},"8":{"start":{"line":11,"column":16},"end":{"line":11,"column":64}},"9":{"start":{"line":13,"column":16},"end":{"line":13,"column":67}},"10":{"start":{"line":14,"column":16},"end":{"line":14,"column":32}},"11":{"start":{"line":17,"column":12},"end":{"line":17,"column":70}},"12":{"start":{"line":18,"column":12},"end":{"line":18,"column":28}},"13":{"start":{"line":21,"column":8},"end":{"line":21,"column":53}},"14":{"start":{"line":22,"column":8},"end":{"line":22,"column":24}},"15":{"start":{"line":27,"column":20},"end":{"line":27,"column":67}},"16":{"start":{"line":28,"column":21},"end":{"line":28,"column":69}},"17":{"start":{"line":30,"column":24},"end":{"line":30,"column":63}},"18":{"start":{"line":31,"column":4},"end":{"line":31,"column":31}},"19":{"start":{"line":33,"column":4},"end":{"line":37,"column":5}},"20":{"start":{"line":35,"column":8},"end":{"line":35,"column":53}},"21":{"start":{"line":36,"column":8},"end":{"line":36,"column":15}},"22":{"start":{"line":39,"column":4},"end":{"line":58,"column":5}},"23":{"start":{"line":40,"column":22},"end":{"line":40,"column":75}},"24":{"start":{"line":41,"column":25},"end":{"line":41,"column":80}},"25":{"start":{"line":43,"column":8},"end":{"line":54,"column":9}},"26":{"start":{"line":44,"column":25},"end":{"line":44,"column":46}},"27":{"start":{"line":46,"column":12},"end":{"line":50,"column":13}},"28":{"start":{"line":47,"column":16},"end":{"line":47,"column":39}},"29":{"start":{"line":49,"column":16},"end":{"line":49,"column":32}},"30":{"start":{"line":52,"column":12},"end":{"line":52,"column":72}},"31":{"start":{"line":53,"column":12},"end":{"line":53,"column":28}},"32":{"start":{"line":56,"column":8},"end":{"line":56,"column":53}},"33":{"start":{"line":57,"column":8},"end":{"line":57,"column":24}},"34":{"start":{"line":62,"column":24},"end":{"line":62,"column":63}},"35":{"start":{"line":63,"column":4},"end":{"line":63,"column":31}},"36":{"start":{"line":65,"column":4},"end":{"line":69,"column":5}},"37":{"start":{"line":67,"column":8},"end":{"line":67,"column":64}},"38":{"start":{"line":68,"column":8},"end":{"line":68,"column":15}},"39":{"start":{"line":72,"column":4},"end":{"line":90,"column":7}},"40":{"start":{"line":73,"column":24},"end":{"line":73,"column":53}},"41":{"start":{"line":74,"column":8},"end":{"line":74,"column":45}},"42":{"start":{"line":75,"column":8},"end":{"line":88,"column":10}},"43":{"start":{"line":89,"column":8},"end":{"line":89,"column":41}},"44":{"start":{"line":95,"column":31},"end":{"line":95,"column":77}},"45":{"start":{"line":96,"column":4},"end":{"line":96,"column":38}},"46":{"start":{"line":98,"column":4},"end":{"line":118,"column":5}},"47":{"start":{"line":99,"column":27},"end":{"line":99,"column":59}},"48":{"start":{"line":100,"column":8},"end":{"line":100,"column":44}},"49":{"start":{"line":101,"column":8},"end":{"line":101,"column":41}},"50":{"start":{"line":102,"column":8},"end":{"line":105,"column":10}},"51":{"start":{"line":103,"column":12},"end":{"line":103,"column":26}},"52":{"start":{"line":104,"column":12},"end":{"line":104,"column":34}},"53":{"start":{"line":107,"column":27},"end":{"line":107,"column":59}},"54":{"start":{"line":108,"column":8},"end":{"line":108,"column":40}},"55":{"start":{"line":109,"column":8},"end":{"line":109,"column":50}},"56":{"start":{"line":110,"column":8},"end":{"line":113,"column":10}},"57":{"start":{"line":111,"column":12},"end":{"line":111,"column":26}},"58":{"start":{"line":112,"column":12},"end":{"line":112,"column":34}},"59":{"start":{"line":115,"column":8},"end":{"line":115,"column":51}},"60":{"start":{"line":116,"column":8},"end":{"line":116,"column":99}},"61":{"start":{"line":117,"column":8},"end":{"line":117,"column":51}},"62":{"start":{"line":121,"column":0},"end":{"line":121,"column":44}},"63":{"start":{"line":121,"column":22},"end":{"line":121,"column":43}}},"fnMap":{"0":{"name":"loadJobs","decl":{"start":{"line":4,"column":15},"end":{"line":4,"column":23}},"loc":{"start":{"line":4,"column":34},"end":{"line":24,"column":1}},"line":4},"1":{"name":"searchJobs","decl":{"start":{"line":26,"column":15},"end":{"line":26,"column":25}},"loc":{"start":{"line":26,"column":28},"end":{"line":59,"column":1}},"line":26},"2":{"name":"displayJobs","decl":{"start":{"line":61,"column":9},"end":{"line":61,"column":20}},"loc":{"start":{"line":61,"column":27},"end":{"line":91,"column":1}},"line":61},"3":{"name":"(anonymous_3)","decl":{"start":{"line":72,"column":17},"end":{"line":72,"column":18}},"loc":{"start":{"line":72,"column":24},"end":{"line":90,"column":5}},"line":72},"4":{"name":"updatePaginationControls","decl":{"start":{"line":94,"column":9},"end":{"line":94,"column":33}},"loc":{"start":{"line":94,"column":52},"end":{"line":119,"column":1}},"line":94},"5":{"name":"(anonymous_5)","decl":{"start":{"line":102,"column":29},"end":{"line":102,"column":30}},"loc":{"start":{"line":102,"column":35},"end":{"line":105,"column":9}},"line":102},"6":{"name":"(anonymous_6)","decl":{"start":{"line":110,"column":29},"end":{"line":110,"column":30}},"loc":{"start":{"line":110,"column":35},"end":{"line":113,"column":9}},"line":110},"7":{"name":"(anonymous_7)","decl":{"start":{"line":121,"column":16},"end":{"line":121,"column":17}},"loc":{"start":{"line":121,"column":22},"end":{"line":121,"column":43}},"line":121}},"branchMap":{"0":{"loc":{"start":{"line":4,"column":24},"end":{"line":4,"column":32}},"type":"default-arg","locations":[{"start":{"line":4,"column":31},"end":{"line":4,"column":32}}],"line":4},"1":{"loc":{"start":{"line":7,"column":8},"end":{"line":19,"column":9}},"type":"if","locations":[{"start":{"line":7,"column":8},"end":{"line":19,"column":9}},{"start":{"line":16,"column":15},"end":{"line":19,"column":9}}],"line":7},"2":{"loc":{"start":{"line":9,"column":12},"end":{"line":15,"column":13}},"type":"if","locations":[{"start":{"line":9,"column":12},"end":{"line":15,"column":13}},{"start":{"line":12,"column":19},"end":{"line":15,"column":13}}],"line":9},"3":{"loc":{"start":{"line":9,"column":16},"end":{"line":9,"column":58}},"type":"binary-expr","locations":[{"start":{"line":9,"column":16},"end":{"line":9,"column":25}},{"start":{"line":9,"column":29},"end":{"line":9,"column":58}}],"line":9},"4":{"loc":{"start":{"line":33,"column":4},"end":{"line":37,"column":5}},"type":"if","locations":[{"start":{"line":33,"column":4},"end":{"line":37,"column":5}},{"start":{},"end":{}}],"line":33},"5":{"loc":{"start":{"line":33,"column":8},"end":{"line":33,"column":29}},"type":"binary-expr","locations":[{"start":{"line":33,"column":8},"end":{"line":33,"column":16}},{"start":{"line":33,"column":20},"end":{"line":33,"column":29}}],"line":33},"6":{"loc":{"start":{"line":43,"column":8},"end":{"line":54,"column":9}},"type":"if","locations":[{"start":{"line":43,"column":8},"end":{"line":54,"column":9}},{"start":{"line":51,"column":15},"end":{"line":54,"column":9}}],"line":43},"7":{"loc":{"start":{"line":46,"column":12},"end":{"line":50,"column":13}},"type":"if","locations":[{"start":{"line":46,"column":12},"end":{"line":50,"column":13}},{"start":{"line":48,"column":19},"end":{"line":50,"column":13}}],"line":46},"8":{"loc":{"start":{"line":46,"column":16},"end":{"line":46,"column":49}},"type":"binary-expr","locations":[{"start":{"line":46,"column":16},"end":{"line":46,"column":25}},{"start":{"line":46,"column":29},"end":{"line":46,"column":49}}],"line":46},"9":{"loc":{"start":{"line":65,"column":4},"end":{"line":69,"column":5}},"type":"if","locations":[{"start":{"line":65,"column":4},"end":{"line":69,"column":5}},{"start":{},"end":{}}],"line":65},"10":{"loc":{"start":{"line":65,"column":8},"end":{"line":65,"column":34}},"type":"binary-expr","locations":[{"start":{"line":65,"column":8},"end":{"line":65,"column":13}},{"start":{"line":65,"column":17},"end":{"line":65,"column":34}}],"line":65},"11":{"loc":{"start":{"line":98,"column":4},"end":{"line":118,"column":5}},"type":"if","locations":[{"start":{"line":98,"column":4},"end":{"line":118,"column":5}},{"start":{},"end":{}}],"line":98}},"s":{"0":12,"1":12,"2":12,"3":12,"4":12,"5":12,"6":12,"7":12,"8":12,"9":0,"10":0,"11":0,"12":0,"13":0,"14":0,"15":10,"16":10,"17":10,"18":10,"19":10,"20":1,"21":1,"22":9,"23":9,"24":9,"25":9,"26":8,"27":8,"28":4,"29":4,"30":1,"31":1,"32":0,"33":0,"34":21,"35":21,"36":21,"37":5,"38":5,"39":16,"40":128,"41":128,"42":128,"43":128,"44":12,"45":12,"46":12,"47":12,"48":12,"49":12,"50":12,"51":0,"52":0,"53":12,"54":12,"55":12,"56":12,"57":0,"58":0,"59":12,"60":12,"61":12,"62":12,"63":0},"f":{"0":12,"1":10,"2":21,"3":128,"4":12,"5":0,"6":0,"7":0},"b":{"0":[0],"1":[12,0],"2":[12,0],"3":[12,12],"4":[1,9],"5":[10,2],"6":[8,1],"7":[4,4],"8":[8,7],"9":[5,16],"10":[21,21],"11":[12,0]},"_coverageSchema":"1a1c01bbd47fc00a2c39e90264f33305004495a9","hash":"d78e7d37d2502802b8a6d18394d795e5711d093e"}
,"C:\\Users\\darry\\Documents\\DVOPS_Projects\\devops-project\\public\\js\\updateJob.js": {"path":"C:\\Users\\darry\\Documents\\DVOPS_Projects\\devops-project\\public\\js\\updateJob.js","statementMap":{"0":{"start":{"line":2,"column":4},"end":{"line":16,"column":5}},"1":{"start":{"line":3,"column":25},"end":{"line":3,"column":58}},"2":{"start":{"line":4,"column":20},"end":{"line":4,"column":41}},"3":{"start":{"line":6,"column":8},"end":{"line":6,"column":57}},"4":{"start":{"line":7,"column":8},"end":{"line":7,"column":60}},"5":{"start":{"line":8,"column":8},"end":{"line":8,"column":65}},"6":{"start":{"line":9,"column":8},"end":{"line":9,"column":71}},"7":{"start":{"line":10,"column":8},"end":{"line":10,"column":61}},"8":{"start":{"line":11,"column":8},"end":{"line":11,"column":73}},"9":{"start":{"line":12,"column":8},"end":{"line":12,"column":71}},"10":{"start":{"line":13,"column":8},"end":{"line":13,"column":74}},"11":{"start":{"line":15,"column":8},"end":{"line":15,"column":52}},"12":{"start":{"line":20,"column":4},"end":{"line":20,"column":69}},"13":{"start":{"line":24,"column":18},"end":{"line":24,"column":56}},"14":{"start":{"line":25,"column":20},"end":{"line":25,"column":67}},"15":{"start":{"line":26,"column":21},"end":{"line":26,"column":69}},"16":{"start":{"line":27,"column":24},"end":{"line":27,"column":75}},"17":{"start":{"line":28,"column":19},"end":{"line":28,"column":58}},"18":{"start":{"line":29,"column":25},"end":{"line":29,"column":77}},"19":{"start":{"line":30,"column":24},"end":{"line":30,"column":75}},"20":{"start":{"line":32,"column":4},"end":{"line":35,"column":5}},"21":{"start":{"line":33,"column":8},"end":{"line":33,"column":51}},"22":{"start":{"line":34,"column":8},"end":{"line":34,"column":15}},"23":{"start":{"line":37,"column":4},"end":{"line":40,"column":5}},"24":{"start":{"line":38,"column":8},"end":{"line":38,"column":45}},"25":{"start":{"line":39,"column":8},"end":{"line":39,"column":15}},"26":{"start":{"line":42,"column":20},"end":{"line":42,"column":95}},"27":{"start":{"line":44,"column":4},"end":{"line":60,"column":5}},"28":{"start":{"line":45,"column":25},"end":{"line":49,"column":10}},"29":{"start":{"line":51,"column":8},"end":{"line":57,"column":9}},"30":{"start":{"line":52,"column":12},"end":{"line":52,"column":47}},"31":{"start":{"line":53,"column":12},"end":{"line":53,"column":25}},"32":{"start":{"line":54,"column":12},"end":{"line":54,"column":23}},"33":{"start":{"line":56,"column":12},"end":{"line":56,"column":40}},"34":{"start":{"line":59,"column":8},"end":{"line":59,"column":52}},"35":{"start":{"line":63,"column":0},"end":{"line":68,"column":1}},"36":{"start":{"line":64,"column":18},"end":{"line":64,"column":59}},"37":{"start":{"line":65,"column":4},"end":{"line":67,"column":5}},"38":{"start":{"line":66,"column":8},"end":{"line":66,"column":21}},"39":{"start":{"line":69,"column":0},"end":{"line":69,"column":25}}},"fnMap":{"0":{"name":"updateJob","decl":{"start":{"line":1,"column":15},"end":{"line":1,"column":24}},"loc":{"start":{"line":1,"column":32},"end":{"line":17,"column":1}},"line":1},"1":{"name":"closeModal","decl":{"start":{"line":19,"column":9},"end":{"line":19,"column":19}},"loc":{"start":{"line":19,"column":22},"end":{"line":21,"column":1}},"line":19},"2":{"name":"submitJobUpdate","decl":{"start":{"line":23,"column":15},"end":{"line":23,"column":30}},"loc":{"start":{"line":23,"column":33},"end":{"line":61,"column":1}},"line":23},"3":{"name":"(anonymous_3)","decl":{"start":{"line":63,"column":17},"end":{"line":63,"column":18}},"loc":{"start":{"line":63,"column":34},"end":{"line":68,"column":1}},"line":63}},"branchMap":{"0":{"loc":{"start":{"line":32,"column":4},"end":{"line":35,"column":5}},"type":"if","locations":[{"start":{"line":32,"column":4},"end":{"line":35,"column":5}},{"start":{},"end":{}}],"line":32},"1":{"loc":{"start":{"line":32,"column":8},"end":{"line":32,"column":89}},"type":"binary-expr","locations":[{"start":{"line":32,"column":8},"end":{"line":32,"column":16}},{"start":{"line":32,"column":20},"end":{"line":32,"column":29}},{"start":{"line":32,"column":33},"end":{"line":32,"column":45}},{"start":{"line":32,"column":49},"end":{"line":32,"column":56}},{"start":{"line":32,"column":60},"end":{"line":32,"column":73}},{"start":{"line":32,"column":77},"end":{"line":32,"column":89}}],"line":32},"2":{"loc":{"start":{"line":37,"column":4},"end":{"line":40,"column":5}},"type":"if","locations":[{"start":{"line":37,"column":4},"end":{"line":40,"column":5}},{"start":{},"end":{}}],"line":37},"3":{"loc":{"start":{"line":37,"column":8},"end":{"line":37,"column":66}},"type":"binary-expr","locations":[{"start":{"line":37,"column":8},"end":{"line":37,"column":35}},{"start":{"line":37,"column":39},"end":{"line":37,"column":66}}],"line":37},"4":{"loc":{"start":{"line":51,"column":8},"end":{"line":57,"column":9}},"type":"if","locations":[{"start":{"line":51,"column":8},"end":{"line":57,"column":9}},{"start":{"line":55,"column":15},"end":{"line":57,"column":9}}],"line":51},"5":{"loc":{"start":{"line":65,"column":4},"end":{"line":67,"column":5}},"type":"if","locations":[{"start":{"line":65,"column":4},"end":{"line":67,"column":5}},{"start":{},"end":{}}],"line":65}},"s":{"0":0,"1":0,"2":0,"3":0,"4":0,"5":0,"6":0,"7":0,"8":0,"9":0,"10":0,"11":0,"12":0,"13":0,"14":0,"15":0,"16":0,"17":0,"18":0,"19":0,"20":0,"21":0,"22":0,"23":0,"24":0,"25":0,"26":0,"27":0,"28":0,"29":0,"30":0,"31":0,"32":0,"33":0,"34":0,"35":12,"36":21,"37":21,"38":0,"39":12},"f":{"0":0,"1":0,"2":0,"3":21},"b":{"0":[0,0],"1":[0,0,0,0,0,0],"2":[0,0],"3":[0,0],"4":[0,0],"5":[0,21]},"_coverageSchema":"1a1c01bbd47fc00a2c39e90264f33305004495a9","hash":"f47819357487339f3677850f6827be7b635987a0"}
}
