TN:
SF:public\js\applyJob.js
FN:1,applyJob
FN:6,submitApplication
FNF:2
FNH:0
FNDA:0,applyJob
FNDA:0,submitApplication
DA:2,0
DA:3,0
DA:7,0
DA:8,0
DA:9,0
DA:10,0
DA:11,0
DA:12,0
DA:14,0
DA:15,0
DA:16,0
DA:19,0
DA:21,0
DA:22,0
DA:28,0
DA:29,0
DA:30,0
DA:31,0
DA:33,0
DA:36,0
DA:37,0
DA:40,12
LF:22
LH:1
BRDA:14,0,0,0
BRDA:14,0,1,0
BRDA:14,1,0,0
BRDA:14,1,1,0
BRDA:14,1,2,0
BRDA:14,1,3,0
BRDA:14,1,4,0
BRDA:29,2,0,0
BRDA:29,2,1,0
BRF:9
BRH:0
end_of_record
TN:
SF:public\js\createJob.js
FN:1,addJob
FN:31,clearAndCloseModal
FNF:2
FNH:0
FNDA:0,addJob
FNDA:0,clearAndCloseModal
DA:2,0
DA:3,0
DA:4,0
DA:5,0
DA:6,0
DA:7,0
DA:9,0
DA:11,0
DA:12,0
DA:17,0
DA:18,0
DA:19,0
DA:20,0
DA:21,0
DA:23,0
DA:26,0
DA:27,0
DA:32,0
DA:33,0
DA:34,0
DA:35,0
DA:36,0
DA:37,0
DA:38,0
DA:40,12
LF:25
LH:1
BRDA:18,0,0,0
BRDA:18,0,1,0
BRF:2
BRH:0
end_of_record
TN:
SF:public\js\searchJob.js
FN:4,loadJobs
FN:26,searchJobs
FN:61,displayJobs
FN:72,(anonymous_3)
FN:94,updatePaginationControls
FN:102,(anonymous_5)
FN:110,(anonymous_6)
FN:121,(anonymous_7)
FNF:8
FNH:5
FNDA:12,loadJobs
FNDA:10,searchJobs
FNDA:21,displayJobs
FNDA:128,(anonymous_3)
FNDA:12,updatePaginationControls
FNDA:0,(anonymous_5)
FNDA:0,(anonymous_6)
FNDA:0,(anonymous_7)
DA:1,12
DA:2,12
DA:5,12
DA:6,12
DA:7,12
DA:8,12
DA:9,12
DA:10,12
DA:11,12
DA:13,0
DA:14,0
DA:17,0
DA:18,0
DA:21,0
DA:22,0
DA:27,10
DA:28,10
DA:30,10
DA:31,10
DA:33,10
DA:35,1
DA:36,1
DA:39,9
DA:40,9
DA:41,9
DA:43,9
DA:44,8
DA:46,8
DA:47,4
DA:49,4
DA:52,1
DA:53,1
DA:56,0
DA:57,0
DA:62,21
DA:63,21
DA:65,21
DA:67,5
DA:68,5
DA:72,16
DA:73,128
DA:74,128
DA:75,128
DA:89,128
DA:95,12
DA:96,12
DA:98,12
DA:99,12
DA:100,12
DA:101,12
DA:102,12
DA:103,0
DA:104,0
DA:107,12
DA:108,12
DA:109,12
DA:110,12
DA:111,0
DA:112,0
DA:115,12
DA:116,12
DA:117,12
DA:121,12
LF:63
LH:51
BRDA:4,0,0,0
BRDA:7,1,0,12
BRDA:7,1,1,0
BRDA:9,2,0,12
BRDA:9,2,1,0
BRDA:9,3,0,12
BRDA:9,3,1,12
BRDA:33,4,0,1
BRDA:33,4,1,9
BRDA:33,5,0,10
BRDA:33,5,1,2
BRDA:43,6,0,8
BRDA:43,6,1,1
BRDA:46,7,0,4
BRDA:46,7,1,4
BRDA:46,8,0,8
BRDA:46,8,1,7
BRDA:65,9,0,5
BRDA:65,9,1,16
BRDA:65,10,0,21
BRDA:65,10,1,21
BRDA:98,11,0,12
BRDA:98,11,1,0
BRF:23
BRH:19
end_of_record
TN:
SF:public\js\updateJob.js
FN:1,updateJob
FN:19,closeModal
FN:23,submitJobUpdate
FN:63,(anonymous_3)
FNF:4
FNH:1
FNDA:0,updateJob
FNDA:0,closeModal
FNDA:0,submitJobUpdate
FNDA:21,(anonymous_3)
DA:2,0
DA:3,0
DA:4,0
DA:6,0
DA:7,0
DA:8,0
DA:9,0
DA:10,0
DA:11,0
DA:12,0
DA:13,0
DA:15,0
DA:20,0
DA:24,0
DA:25,0
DA:26,0
DA:27,0
DA:28,0
DA:29,0
DA:30,0
DA:32,0
DA:33,0
DA:34,0
DA:37,0
DA:38,0
DA:39,0
DA:42,0
DA:44,0
DA:45,0
DA:51,0
DA:52,0
DA:53,0
DA:54,0
DA:56,0
DA:59,0
DA:63,12
DA:64,21
DA:65,21
DA:66,0
DA:69,12
LF:40
LH:4
BRDA:32,0,0,0
BRDA:32,0,1,0
BRDA:32,1,0,0
BRDA:32,1,1,0
BRDA:32,1,2,0
BRDA:32,1,3,0
BRDA:32,1,4,0
BRDA:32,1,5,0
BRDA:37,2,0,0
BRDA:37,2,1,0
BRDA:37,3,0,0
BRDA:37,3,1,0
BRDA:51,4,0,0
BRDA:51,4,1,0
BRDA:65,5,0,0
BRDA:65,5,1,21
BRF:16
BRH:1
end_of_record
