TN:
SF:public\js\applyJob.js
FN:1,applyJob
FN:6,submitApplication
FNF:2
FNH:0
FNDA:0,applyJob
FNDA:0,submitApplication
DA:2,0
DA:3,0
DA:7,0
DA:8,0
DA:9,0
DA:10,0
DA:11,0
DA:12,0
DA:14,0
DA:15,0
DA:16,0
DA:19,0
DA:21,0
DA:22,0
DA:28,0
DA:29,0
DA:30,0
DA:31,0
DA:33,0
DA:36,0
DA:37,0
DA:40,12
LF:22
LH:1
BRDA:14,0,0,0
BRDA:14,0,1,0
BRDA:14,1,0,0
BRDA:14,1,1,0
BRDA:14,1,2,0
BRDA:14,1,3,0
BRDA:14,1,4,0
BRDA:29,2,0,0
BRDA:29,2,1,0
BRF:9
BRH:0
end_of_record
TN:
SF:public\js\createJob.js
FN:1,addJob
FN:31,clearAndCloseModal
FNF:2
FNH:0
FNDA:0,addJob
FNDA:0,clearAndCloseModal
DA:2,0
DA:3,0
DA:4,0
DA:5,0
DA:6,0
DA:7,0
DA:9,0
DA:11,0
DA:12,0
DA:17,0
DA:18,0
DA:19,0
DA:20,0
DA:21,0
DA:23,0
DA:26,0
DA:27,0
DA:32,0
DA:33,0
DA:34,0
DA:35,0
DA:36,0
DA:37,0
DA:38,0
DA:40,12
LF:25
LH:1
BRDA:18,0,0,0
BRDA:18,0,1,0
BRF:2
BRH:0
end_of_record
TN:
SF:public\js\searchJob.js
FN:4,loadJobs
FN:29,searchJobs
FN:63,displayJobs
FN:72,(anonymous_3)
FN:93,updatePaginationControls
FN:101,(anonymous_5)
FN:109,(anonymous_6)
FN:123,(anonymous_7)
FNF:8
FNH:5
FNDA:12,loadJobs
FNDA:10,searchJobs
FNDA:21,displayJobs
FNDA:118,(anonymous_3)
FNDA:11,updatePaginationControls
FNDA:0,(anonymous_5)
FNDA:0,(anonymous_6)
FNDA:0,(anonymous_7)
DA:1,12
DA:2,12
DA:5,12
DA:6,12
DA:8,12
DA:9,12
DA:10,11
DA:11,11
DA:12,11
DA:13,11
DA:14,11
DA:16,0
DA:17,0
DA:20,0
DA:21,0
DA:24,1
DA:25,1
DA:30,10
DA:31,10
DA:33,10
DA:34,10
DA:36,10
DA:37,1
DA:38,1
DA:39,1
DA:42,9
DA:43,9
DA:44,9
DA:46,9
DA:47,8
DA:48,8
DA:49,4
DA:51,4
DA:54,1
DA:55,1
DA:58,0
DA:59,0
DA:64,21
DA:65,21
DA:67,21
DA:68,6
DA:69,6
DA:72,15
DA:73,118
DA:74,118
DA:75,118
DA:89,118
DA:94,11
DA:95,11
DA:97,11
DA:98,11
DA:99,11
DA:100,11
DA:101,11
DA:102,0
DA:103,0
DA:106,11
DA:107,11
DA:108,11
DA:109,11
DA:110,0
DA:111,0
DA:114,11
DA:115,11
DA:116,11
DA:119,0
DA:123,12
DA:124,0
DA:127,0
LF:69
LH:56
BRDA:4,0,0,0
BRDA:10,1,0,11
BRDA:10,1,1,0
BRDA:12,2,0,11
BRDA:12,2,1,0
BRDA:12,3,0,11
BRDA:12,3,1,11
BRDA:36,4,0,1
BRDA:36,4,1,9
BRDA:36,5,0,10
BRDA:36,5,1,2
BRDA:46,6,0,8
BRDA:46,6,1,1
BRDA:48,7,0,4
BRDA:48,7,1,4
BRDA:48,8,0,8
BRDA:48,8,1,7
BRDA:67,9,0,6
BRDA:67,9,1,15
BRDA:67,10,0,21
BRDA:67,10,1,21
BRDA:97,11,0,11
BRDA:97,11,1,0
BRF:23
BRH:19
end_of_record
TN:
SF:public\js\updateJob.js
FN:1,updateJob
FN:19,closeModal
FN:23,submitJobUpdate
FN:63,(anonymous_3)
FNF:4
FNH:1
FNDA:0,updateJob
FNDA:0,closeModal
FNDA:0,submitJobUpdate
FNDA:21,(anonymous_3)
DA:2,0
DA:3,0
DA:4,0
DA:6,0
DA:7,0
DA:8,0
DA:9,0
DA:10,0
DA:11,0
DA:12,0
DA:13,0
DA:15,0
DA:20,0
DA:24,0
DA:25,0
DA:26,0
DA:27,0
DA:28,0
DA:29,0
DA:30,0
DA:32,0
DA:33,0
DA:34,0
DA:37,0
DA:38,0
DA:39,0
DA:42,0
DA:44,0
DA:45,0
DA:51,0
DA:52,0
DA:53,0
DA:54,0
DA:56,0
DA:59,0
DA:63,12
DA:64,21
DA:65,21
DA:66,0
DA:69,12
LF:40
LH:4
BRDA:32,0,0,0
BRDA:32,0,1,0
BRDA:32,1,0,0
BRDA:32,1,1,0
BRDA:32,1,2,0
BRDA:32,1,3,0
BRDA:32,1,4,0
BRDA:32,1,5,0
BRDA:37,2,0,0
BRDA:37,2,1,0
BRDA:37,3,0,0
BRDA:37,3,1,0
BRDA:51,4,0,0
BRDA:51,4,1,0
BRDA:65,5,0,0
BRDA:65,5,1,21
BRF:16
BRH:1
end_of_record
